--------------------------------------------------------------------------------
Release 14.7 Trace  (nt64)
Copyright (c) 1995-2013 Xilinx, Inc.  All rights reserved.

D:\Xilinx\14.7\ISE_DS\ISE\bin\nt64\unwrapped\trce.exe -intstyle ise -v 3 -s 5
-n 3 -fastpaths -xml MAHOAUUTIEN2_42H.twx MAHOAUUTIEN2_42H.ncd -o
MAHOAUUTIEN2_42H.twr MAHOAUUTIEN2_42H.pcf

Design file:              MAHOAUUTIEN2_42H.ncd
Physical constraint file: MAHOAUUTIEN2_42H.pcf
Device,package,speed:     xc3s500e,pq208,-5 (PRODUCTION 1.27 2013-10-13)
Report level:             verbose report

Environment Variable      Effect 
--------------------      ------ 
NONE                      No environment variables were set
--------------------------------------------------------------------------------

INFO:Timing:2698 - No timing constraints found, doing default enumeration.
INFO:Timing:3412 - To improve timing, see the Timing Closure User Guide (UG612).
INFO:Timing:2752 - To get complete path coverage, use the unconstrained paths 
   option. All paths that are not constrained will be reported in the 
   unconstrained paths section(s) of the report.
INFO:Timing:3339 - The clock-to-out numbers in this timing report are based on 
   a 50 Ohm transmission line loading model.  For the details of this model, 
   and for more information on accounting for different loading conditions, 
   please see the device datasheet.
INFO:Timing:3390 - This architecture does not support a default System Jitter 
   value, please add SYSTEM_JITTER constraint to the UCF to modify the Clock 
   Uncertainty calculation.
INFO:Timing:3389 - This architecture does not support 'Discrete Jitter' and 
   'Phase Error' calculations, these terms will be zero in the Clock 
   Uncertainty calculation.  Please make appropriate modification to 
   SYSTEM_JITTER to account for the unsupported Discrete Jitter and Phase 
   Error.



Data Sheet report:
-----------------
All values displayed in nanoseconds (ns)

Pad to Pad
---------------+---------------+---------+
Source Pad     |Destination Pad|  Delay  |
---------------+---------------+---------+
sw<0>          |led_n<2>       |    5.959|
sw<1>          |led_n<0>       |    5.445|
sw<1>          |led_n<2>       |    5.660|
sw<2>          |led_n<0>       |    5.518|
sw<2>          |led_n<1>       |    5.270|
sw<2>          |led_n<2>       |    6.060|
sw<3>          |led_n<0>       |    5.746|
sw<3>          |led_n<1>       |    5.862|
sw<3>          |led_n<2>       |    5.934|
sw<4>          |led_n<5>       |    6.014|
sw<5>          |led_n<3>       |    5.961|
sw<5>          |led_n<5>       |    5.955|
sw<6>          |led_n<3>       |    6.302|
sw<6>          |led_n<4>       |    6.043|
sw<6>          |led_n<5>       |    6.262|
sw<7>          |led_n<3>       |    6.257|
sw<7>          |led_n<4>       |    6.076|
sw<7>          |led_n<5>       |    6.195|
---------------+---------------+---------+


Analysis completed Wed Sep 12 19:50:04 2018 
--------------------------------------------------------------------------------

Trace Settings:
-------------------------
Trace Settings 

Peak Memory Usage: 4510 MB



